<?xml version="1.0" encoding="UTF-8"?>
<!-- Generated by org.testng.reporters.JUnitReportReporter -->
<testsuite skipped="0" hostname="DESKTOP-DL8SJEG" name="testClassCreatePaylink.baseClass" tests="1" failures="0" timestamp="11 Nov 2020 10:12:25 GMT" time="16.820" errors="0">
  <testcase name="NavigatetoURL" time="16.820" classname="testClassCreatePaylink.baseClass"/>
</testsuite> <!-- testClassCreatePaylink.baseClass -->
